2013-11-22 16:01:06,437 AnalyzeUserEnjoyed.py[line:186] INFO ->SELECT mac, epg_propertyid, count from statistics.UserEnjoyInfo
2013-11-22 16:01:21,450 AnalyzeUserEnjoyed.py[line:68] INFO ->select epg_channleid, epg_programid, epg_stime, epg_etime, SUBSTRING(epg_propertyid, 2, 8) from epg_program_syn where   epg_date=DATE_FORMAT('2013-11-21', '%Y-%m-%d')          and epg_stime < epg_etime and  LOCATE('55',epg_propertyid)>0 and LOCATE('76',epg_propertyid)=0;
2013-11-22 16:01:26,430 AnalyzeUserEnjoyed.py[line:117] INFO ->select a.id, a.cid as channelid, a.mac, UNIX_TIMESTAMP(a.start) as stimer,  UNIX_TIMESTAMP(a.end) as etimer from         statistics.t_devChannelInfo a, haierdb.udev_basic b where a.start < a.end and a.cid != 0 and  a.mac = b.mac and b.isactiv = 1         and a.start BETWEEN  '2013-11-21 00:00:00' and  '2013-11-22 20:00:00' UNION select a.id, a.cid as channelid, a.mac, UNIX_TIMESTAMP(a.start) as stimer,         UNIX_TIMESTAMP(a.end) as etimer from statistics.t_devChannelInfo a, haierdb.udev_basic b where a.start < a.end and a.cid != 0         and a.mac = b.mac and b.isactiv = 1 and a.end BETWEEN  '2013-11-21 00:00:00' and  '2013-11-22 20:00:00' 
2013-11-22 16:01:27,240 AnalyzeUserEnjoyed.py[line:179] DEBUG ->UPDATE UserEnjoyInfo set count = '14', uptime = NOW() where mac = 'c25586b74dd1de54808c10bf87d8bba8' and epg_propertyid = '56' 
2013-11-22 16:01:27,250 AnalyzeUserEnjoyed.py[line:179] DEBUG ->UPDATE UserEnjoyInfo set count = '44', uptime = NOW() where mac = '6fce8b07dd3f036f6c3fb9da35be1f72' and epg_propertyid = '83' 
2013-11-22 16:01:27,272 AnalyzeUserEnjoyed.py[line:179] DEBUG ->UPDATE UserEnjoyInfo set count = '4', uptime = NOW() where mac = 'b86a5282c7da347c6f4f63c461876782' and epg_propertyid = '60' 
2013-11-22 16:01:27,278 AnalyzeUserEnjoyed.py[line:179] DEBUG ->UPDATE UserEnjoyInfo set count = '6', uptime = NOW() where mac = 'b86a5282c7da347c6f4f63c461876782' and epg_propertyid = '56' 
2013-11-22 16:01:27,285 AnalyzeUserEnjoyed.py[line:179] DEBUG ->UPDATE UserEnjoyInfo set count = '6', uptime = NOW() where mac = '72a411ffa7bbce469c66e601c925b686' and epg_propertyid = '56' 
2013-11-22 16:01:27,301 AnalyzeUserEnjoyed.py[line:179] DEBUG ->UPDATE UserEnjoyInfo set count = '39', uptime = NOW() where mac = '1a98de12804f82a26f7d44bb8e6de464' and epg_propertyid = '84' 
2013-11-22 16:01:27,312 AnalyzeUserEnjoyed.py[line:179] DEBUG ->UPDATE UserEnjoyInfo set count = '24', uptime = NOW() where mac = '3bfac986b371639bee40901192b1339e' and epg_propertyid = '69' 
2013-11-22 16:01:27,323 AnalyzeUserEnjoyed.py[line:179] DEBUG ->UPDATE UserEnjoyInfo set count = '21', uptime = NOW() where mac = '2af9d73ab69d3eddb01922f57abcf186' and epg_propertyid = '69' 
2013-11-22 16:01:27,329 AnalyzeUserEnjoyed.py[line:179] DEBUG ->UPDATE UserEnjoyInfo set count = '9', uptime = NOW() where mac = 'd5aef5d2b06dcb08383dbefc8627796d' and epg_propertyid = '84' 
2013-11-22 16:01:27,338 AnalyzeUserEnjoyed.py[line:179] DEBUG ->UPDATE UserEnjoyInfo set count = '113', uptime = NOW() where mac = 'e346a7cf7146f906c8529fb3ae999fe3' and epg_propertyid = '83' 
2013-11-22 16:01:27,345 AnalyzeUserEnjoyed.py[line:179] DEBUG ->UPDATE UserEnjoyInfo set count = '15', uptime = NOW() where mac = '6bf2b9711f174359dd6d96d355848df6' and epg_propertyid = '56' 
2013-11-22 16:01:27,358 AnalyzeUserEnjoyed.py[line:179] DEBUG ->UPDATE UserEnjoyInfo set count = '26', uptime = NOW() where mac = '1dfd2034904d56304b00bf1b6e64a74f' and epg_propertyid = '84' 
2013-11-22 16:01:27,369 AnalyzeUserEnjoyed.py[line:179] DEBUG ->UPDATE UserEnjoyInfo set count = '30', uptime = NOW() where mac = 'f9468efa5aadd207c9e62d77c6638547' and epg_propertyid = '84' 
2013-11-22 16:01:27,388 AnalyzeUserEnjoyed.py[line:179] DEBUG ->UPDATE UserEnjoyInfo set count = '71', uptime = NOW() where mac = '7b2519c6c7858dfad4d94343480729d1' and epg_propertyid = '69' 
2013-11-22 16:01:27,457 AnalyzeUserEnjoyed.py[line:179] DEBUG ->UPDATE UserEnjoyInfo set count = '6', uptime = NOW() where mac = '54691c6acd61969b5f775a44245cf6d1' and epg_propertyid = '56' 
2013-11-22 16:01:27,477 AnalyzeUserEnjoyed.py[line:179] DEBUG ->UPDATE UserEnjoyInfo set count = '12', uptime = NOW() where mac = '3adc5cbf5a1c60250a4f6b7372b18297' and epg_propertyid = '60' 
2013-11-22 16:01:27,503 AnalyzeUserEnjoyed.py[line:179] DEBUG ->UPDATE UserEnjoyInfo set count = '66', uptime = NOW() where mac = '6cf04ad0471236f25a4aef16d7cda15b' and epg_propertyid = '83' 
2013-11-22 16:01:27,635 AnalyzeUserEnjoyed.py[line:179] DEBUG ->UPDATE UserEnjoyInfo set count = '8', uptime = NOW() where mac = '6cf04ad0471236f25a4aef16d7cda15b' and epg_propertyid = '60' 
2013-11-22 16:01:27,701 AnalyzeUserEnjoyed.py[line:179] DEBUG ->UPDATE UserEnjoyInfo set count = '44', uptime = NOW() where mac = 'c0a7ca6cd3350a88c81003cd04ccc26f' and epg_propertyid = '83' 
2013-11-22 16:01:27,864 AnalyzeUserEnjoyed.py[line:179] DEBUG ->UPDATE UserEnjoyInfo set count = '22', uptime = NOW() where mac = 'd822289b7155b1ddfd7f9a1c539f1826' and epg_propertyid = '83' 
2013-11-22 16:01:27,890 AnalyzeUserEnjoyed.py[line:179] DEBUG ->UPDATE UserEnjoyInfo set count = '16', uptime = NOW() where mac = 'e03ae52ca673c24aa59115b614d1035f' and epg_propertyid = '56' 
2013-11-22 16:01:27,897 AnalyzeUserEnjoyed.py[line:179] DEBUG ->UPDATE UserEnjoyInfo set count = '17', uptime = NOW() where mac = '8c470d825d59cbf7496885926c0c5390' and epg_propertyid = '60' 
2013-11-22 16:01:27,904 AnalyzeUserEnjoyed.py[line:179] DEBUG ->UPDATE UserEnjoyInfo set count = '19', uptime = NOW() where mac = 'f01b3abdae9ada9abef3f5961944e907' and epg_propertyid = '60' 
2013-11-22 16:01:27,921 AnalyzeUserEnjoyed.py[line:179] DEBUG ->UPDATE UserEnjoyInfo set count = '17', uptime = NOW() where mac = 'e346a7cf7146f906c8529fb3ae999fe3' and epg_propertyid = '60' 
2013-11-22 16:01:27,927 AnalyzeUserEnjoyed.py[line:179] DEBUG ->UPDATE UserEnjoyInfo set count = '4', uptime = NOW() where mac = 'cbbbaa41181ece3e5b997e8faaa64406' and epg_propertyid = '60' 
2013-11-22 16:01:27,936 AnalyzeUserEnjoyed.py[line:179] DEBUG ->UPDATE UserEnjoyInfo set count = '16', uptime = NOW() where mac = '2af9d73ab69d3eddb01922f57abcf186' and epg_propertyid = '84' 
2013-11-22 16:01:27,941 AnalyzeUserEnjoyed.py[line:179] DEBUG ->UPDATE UserEnjoyInfo set count = '29', uptime = NOW() where mac = 'e346a7cf7146f906c8529fb3ae999fe3' and epg_propertyid = '56' 
2013-11-22 16:01:27,953 AnalyzeUserEnjoyed.py[line:179] DEBUG ->UPDATE UserEnjoyInfo set count = '13', uptime = NOW() where mac = 'cd4a83adc3dc1177a0297913ddfb0eca' and epg_propertyid = '56' 
2013-11-22 16:01:27,960 AnalyzeUserEnjoyed.py[line:179] DEBUG ->UPDATE UserEnjoyInfo set count = '13', uptime = NOW() where mac = 'cd4a83adc3dc1177a0297913ddfb0eca' and epg_propertyid = '84' 
2013-11-22 16:01:28,016 AnalyzeUserEnjoyed.py[line:179] DEBUG ->UPDATE UserEnjoyInfo set count = '6', uptime = NOW() where mac = 'd0f59ab1f75de86b5d2c88cd6dcb3cbc' and epg_propertyid = '69' 
2013-11-22 16:01:28,061 AnalyzeUserEnjoyed.py[line:179] DEBUG ->UPDATE UserEnjoyInfo set count = '22', uptime = NOW() where mac = 'cbbbaa41181ece3e5b997e8faaa64406' and epg_propertyid = '83' 
2013-11-22 16:01:28,068 AnalyzeUserEnjoyed.py[line:179] DEBUG ->UPDATE UserEnjoyInfo set count = '69', uptime = NOW() where mac = '8d469b4d78ca2f2685216bd9e9bbcb92' and epg_propertyid = '84' 
2013-11-22 16:01:28,075 AnalyzeUserEnjoyed.py[line:179] DEBUG ->UPDATE UserEnjoyInfo set count = '15', uptime = NOW() where mac = '9286da058b9aa1d7b1b24feceb6c5a23' and epg_propertyid = '60' 
2013-11-22 16:01:28,085 AnalyzeUserEnjoyed.py[line:179] DEBUG ->UPDATE UserEnjoyInfo set count = '19', uptime = NOW() where mac = '90cbac8cc0386c3618ca9a22c97d247d' and epg_propertyid = '56' 
2013-11-22 16:01:28,096 AnalyzeUserEnjoyed.py[line:179] DEBUG ->UPDATE UserEnjoyInfo set count = '6', uptime = NOW() where mac = '3bc8f7ee0e514343951de061a9558871' and epg_propertyid = '84' 
2013-11-22 16:01:28,105 AnalyzeUserEnjoyed.py[line:179] DEBUG ->UPDATE UserEnjoyInfo set count = '23', uptime = NOW() where mac = '3adc5cbf5a1c60250a4f6b7372b18297' and epg_propertyid = '56' 
2013-11-22 16:01:28,134 AnalyzeUserEnjoyed.py[line:179] DEBUG ->UPDATE UserEnjoyInfo set count = '59', uptime = NOW() where mac = '6bf2b9711f174359dd6d96d355848df6' and epg_propertyid = '83' 
2013-11-22 16:01:28,154 AnalyzeUserEnjoyed.py[line:179] DEBUG ->UPDATE UserEnjoyInfo set count = '6', uptime = NOW() where mac = 'd0f59ab1f75de86b5d2c88cd6dcb3cbc' and epg_propertyid = '56' 
2013-11-22 16:01:28,167 AnalyzeUserEnjoyed.py[line:179] DEBUG ->UPDATE UserEnjoyInfo set count = '22', uptime = NOW() where mac = 'd0f59ab1f75de86b5d2c88cd6dcb3cbc' and epg_propertyid = '83' 
2013-11-22 16:01:28,184 AnalyzeUserEnjoyed.py[line:179] DEBUG ->UPDATE UserEnjoyInfo set count = '6', uptime = NOW() where mac = 'cbbbaa41181ece3e5b997e8faaa64406' and epg_propertyid = '69' 
2013-11-22 16:01:28,196 AnalyzeUserEnjoyed.py[line:179] DEBUG ->UPDATE UserEnjoyInfo set count = '9', uptime = NOW() where mac = '2af9d73ab69d3eddb01922f57abcf186' and epg_propertyid = '60' 
2013-11-22 16:01:28,203 AnalyzeUserEnjoyed.py[line:179] DEBUG ->UPDATE UserEnjoyInfo set count = '73', uptime = NOW() where mac = '692f7cd1ebd560d90eef5acebb6ff7b5' and epg_propertyid = '83' 
2013-11-22 16:01:28,213 AnalyzeUserEnjoyed.py[line:179] DEBUG ->UPDATE UserEnjoyInfo set count = '10', uptime = NOW() where mac = 'f8f18c4bfcde1c649d6c90edb66f02b6' and epg_propertyid = '56' 
2013-11-22 16:01:28,220 AnalyzeUserEnjoyed.py[line:179] DEBUG ->UPDATE UserEnjoyInfo set count = '22', uptime = NOW() where mac = '72a411ffa7bbce469c66e601c925b686' and epg_propertyid = '83' 
2013-11-22 16:01:28,226 AnalyzeUserEnjoyed.py[line:179] DEBUG ->UPDATE UserEnjoyInfo set count = '22', uptime = NOW() where mac = '86639fb8f8632d7cf8eafbf260de9eeb' and epg_propertyid = '83' 
2013-11-22 16:01:28,233 AnalyzeUserEnjoyed.py[line:179] DEBUG ->UPDATE UserEnjoyInfo set count = '10', uptime = NOW() where mac = 'f8f18c4bfcde1c649d6c90edb66f02b6' and epg_propertyid = '69' 
2013-11-22 16:01:28,240 AnalyzeUserEnjoyed.py[line:179] DEBUG ->UPDATE UserEnjoyInfo set count = '323', uptime = NOW() where mac = 'e183beeabcbde3720e8bac1d883ca210' and epg_propertyid = '84' 
2013-11-22 16:01:28,246 AnalyzeUserEnjoyed.py[line:179] DEBUG ->UPDATE UserEnjoyInfo set count = '12', uptime = NOW() where mac = 'c25586b74dd1de54808c10bf87d8bba8' and epg_propertyid = '84' 
2013-11-22 16:01:28,256 AnalyzeUserEnjoyed.py[line:179] DEBUG ->UPDATE UserEnjoyInfo set count = '25', uptime = NOW() where mac = '7b2519c6c7858dfad4d94343480729d1' and epg_propertyid = '60' 
2013-11-22 16:01:28,265 AnalyzeUserEnjoyed.py[line:179] DEBUG ->UPDATE UserEnjoyInfo set count = '6', uptime = NOW() where mac = '9258323ee0f3897c26dea926e1567b40' and epg_propertyid = '69' 
2013-11-22 16:01:28,272 AnalyzeUserEnjoyed.py[line:179] DEBUG ->UPDATE UserEnjoyInfo set count = '73', uptime = NOW() where mac = '90cbac8cc0386c3618ca9a22c97d247d' and epg_propertyid = '83' 
2013-11-22 16:01:28,279 AnalyzeUserEnjoyed.py[line:179] DEBUG ->UPDATE UserEnjoyInfo set count = '44', uptime = NOW() where mac = 'cd4a83adc3dc1177a0297913ddfb0eca' and epg_propertyid = '83' 
2013-11-22 16:01:28,292 AnalyzeUserEnjoyed.py[line:179] DEBUG ->UPDATE UserEnjoyInfo set count = '31', uptime = NOW() where mac = '8c470d825d59cbf7496885926c0c5390' and epg_propertyid = '84' 
2013-11-22 16:01:28,315 AnalyzeUserEnjoyed.py[line:179] DEBUG ->UPDATE UserEnjoyInfo set count = '14', uptime = NOW() where mac = '6fce8b07dd3f036f6c3fb9da35be1f72' and epg_propertyid = '84' 
2013-11-22 16:01:28,322 AnalyzeUserEnjoyed.py[line:179] DEBUG ->UPDATE UserEnjoyInfo set count = '6', uptime = NOW() where mac = '4f6c1b29288e46b6491be7ee780ae6a2' and epg_propertyid = '84' 
2013-11-22 16:01:28,351 AnalyzeUserEnjoyed.py[line:179] DEBUG ->UPDATE UserEnjoyInfo set count = '6', uptime = NOW() where mac = 'cbbbaa41181ece3e5b997e8faaa64406' and epg_propertyid = '84' 
2013-11-22 16:01:28,358 AnalyzeUserEnjoyed.py[line:179] DEBUG ->UPDATE UserEnjoyInfo set count = '33', uptime = NOW() where mac = 'd5aef5d2b06dcb08383dbefc8627796d' and epg_propertyid = '83' 
2013-11-22 16:01:28,367 AnalyzeUserEnjoyed.py[line:179] DEBUG ->UPDATE UserEnjoyInfo set count = '9', uptime = NOW() where mac = 'd24916abeda0fc918295226e95633c8b' and epg_propertyid = '69' 
2013-11-22 16:01:28,375 AnalyzeUserEnjoyed.py[line:179] DEBUG ->UPDATE UserEnjoyInfo set count = '24', uptime = NOW() where mac = '8d469b4d78ca2f2685216bd9e9bbcb92' and epg_propertyid = '60' 
2013-11-22 16:01:28,387 AnalyzeUserEnjoyed.py[line:179] DEBUG ->UPDATE UserEnjoyInfo set count = '66', uptime = NOW() where mac = 'c2fef903c3f1f1ab2cbcfed243c03875' and epg_propertyid = '83' 
2013-11-22 16:01:28,392 AnalyzeUserEnjoyed.py[line:179] DEBUG ->UPDATE UserEnjoyInfo set count = '6', uptime = NOW() where mac = 'd822289b7155b1ddfd7f9a1c539f1826' and epg_propertyid = '69' 
2013-11-22 16:01:28,400 AnalyzeUserEnjoyed.py[line:179] DEBUG ->UPDATE UserEnjoyInfo set count = '19', uptime = NOW() where mac = '745ad6a62717d83479a42ac7a4182bab' and epg_propertyid = '60' 
2013-11-22 16:01:28,408 AnalyzeUserEnjoyed.py[line:179] DEBUG ->UPDATE UserEnjoyInfo set count = '6', uptime = NOW() where mac = '86639fb8f8632d7cf8eafbf260de9eeb' and epg_propertyid = '56' 
2013-11-22 16:01:28,423 AnalyzeUserEnjoyed.py[line:179] DEBUG ->UPDATE UserEnjoyInfo set count = '6', uptime = NOW() where mac = 'f8f18c4bfcde1c649d6c90edb66f02b6' and epg_propertyid = '60' 
2013-11-22 16:01:28,434 AnalyzeUserEnjoyed.py[line:179] DEBUG ->UPDATE UserEnjoyInfo set count = '6', uptime = NOW() where mac = '86639fb8f8632d7cf8eafbf260de9eeb' and epg_propertyid = '69' 
2013-11-22 16:01:28,441 AnalyzeUserEnjoyed.py[line:179] DEBUG ->UPDATE UserEnjoyInfo set count = '31', uptime = NOW() where mac = 'c2fef903c3f1f1ab2cbcfed243c03875' and epg_propertyid = '69' 
2013-11-22 16:01:28,448 AnalyzeUserEnjoyed.py[line:179] DEBUG ->UPDATE UserEnjoyInfo set count = '22', uptime = NOW() where mac = '9258323ee0f3897c26dea926e1567b40' and epg_propertyid = '83' 
2013-11-22 16:01:28,456 AnalyzeUserEnjoyed.py[line:179] DEBUG ->UPDATE UserEnjoyInfo set count = '21', uptime = NOW() where mac = 'c2fef903c3f1f1ab2cbcfed243c03875' and epg_propertyid = '84' 
2013-11-22 16:01:28,461 AnalyzeUserEnjoyed.py[line:179] DEBUG ->UPDATE UserEnjoyInfo set count = '36', uptime = NOW() where mac = '61e84d43a8b8e3b59b133b44fb786946' and epg_propertyid = '84' 
2013-11-22 16:01:28,469 AnalyzeUserEnjoyed.py[line:179] DEBUG ->UPDATE UserEnjoyInfo set count = '4', uptime = NOW() where mac = '72a411ffa7bbce469c66e601c925b686' and epg_propertyid = '60' 
2013-11-22 16:01:28,480 AnalyzeUserEnjoyed.py[line:179] DEBUG ->UPDATE UserEnjoyInfo set count = '207', uptime = NOW() where mac = 'e183beeabcbde3720e8bac1d883ca210' and epg_propertyid = '56' 
2013-11-22 16:01:28,490 AnalyzeUserEnjoyed.py[line:179] DEBUG ->UPDATE UserEnjoyInfo set count = '59', uptime = NOW() where mac = '745ad6a62717d83479a42ac7a4182bab' and epg_propertyid = '69' 
2013-11-22 16:01:28,526 AnalyzeUserEnjoyed.py[line:179] DEBUG ->UPDATE UserEnjoyInfo set count = '6', uptime = NOW() where mac = 'd0f59ab1f75de86b5d2c88cd6dcb3cbc' and epg_propertyid = '84' 
2013-11-22 16:01:28,532 AnalyzeUserEnjoyed.py[line:179] DEBUG ->UPDATE UserEnjoyInfo set count = '25', uptime = NOW() where mac = '8c470d825d59cbf7496885926c0c5390' and epg_propertyid = '56' 
2013-11-22 16:01:28,542 AnalyzeUserEnjoyed.py[line:179] DEBUG ->UPDATE UserEnjoyInfo set count = '6', uptime = NOW() where mac = '72a411ffa7bbce469c66e601c925b686' and epg_propertyid = '84' 
2013-11-22 16:01:28,552 AnalyzeUserEnjoyed.py[line:179] DEBUG ->UPDATE UserEnjoyInfo set count = '18', uptime = NOW() where mac = '3f86f888e4d2d6af7cfd85e10365490a' and epg_propertyid = '84' 
2013-11-22 16:01:28,565 AnalyzeUserEnjoyed.py[line:179] DEBUG ->UPDATE UserEnjoyInfo set count = '840', uptime = NOW() where mac = 'e183beeabcbde3720e8bac1d883ca210' and epg_propertyid = '83' 
2013-11-22 16:01:28,602 AnalyzeUserEnjoyed.py[line:179] DEBUG ->UPDATE UserEnjoyInfo set count = '21', uptime = NOW() where mac = '3adc5cbf5a1c60250a4f6b7372b18297' and epg_propertyid = '84' 
2013-11-22 16:01:28,660 AnalyzeUserEnjoyed.py[line:179] DEBUG ->UPDATE UserEnjoyInfo set count = '43', uptime = NOW() where mac = '8d469b4d78ca2f2685216bd9e9bbcb92' and epg_propertyid = '56' 
2013-11-22 16:01:28,736 AnalyzeUserEnjoyed.py[line:179] DEBUG ->UPDATE UserEnjoyInfo set count = '24', uptime = NOW() where mac = '67a461198136ce59de3e2ccb27cc8013' and epg_propertyid = '69' 
2013-11-22 16:01:28,766 AnalyzeUserEnjoyed.py[line:179] DEBUG ->UPDATE UserEnjoyInfo set count = '22', uptime = NOW() where mac = 'e03ae52ca673c24aa59115b614d1035f' and epg_propertyid = '69' 
2013-11-22 16:01:28,775 AnalyzeUserEnjoyed.py[line:179] DEBUG ->UPDATE UserEnjoyInfo set count = '9', uptime = NOW() where mac = '8a338c5686148271cf7f2f5989080f1e' and epg_propertyid = '84' 
2013-11-22 16:01:28,806 AnalyzeUserEnjoyed.py[line:179] DEBUG ->UPDATE UserEnjoyInfo set count = '34', uptime = NOW() where mac = '1dfd2034904d56304b00bf1b6e64a74f' and epg_propertyid = '69' 
2013-11-22 16:01:28,812 AnalyzeUserEnjoyed.py[line:179] DEBUG ->UPDATE UserEnjoyInfo set count = '4', uptime = NOW() where mac = '9258323ee0f3897c26dea926e1567b40' and epg_propertyid = '60' 
2013-11-22 16:01:28,826 AnalyzeUserEnjoyed.py[line:179] DEBUG ->UPDATE UserEnjoyInfo set count = '7', uptime = NOW() where mac = '3f86f888e4d2d6af7cfd85e10365490a' and epg_propertyid = '60' 
2013-11-22 16:01:28,834 AnalyzeUserEnjoyed.py[line:179] DEBUG ->UPDATE UserEnjoyInfo set count = '66', uptime = NOW() where mac = 'e03ae52ca673c24aa59115b614d1035f' and epg_propertyid = '83' 
2013-11-22 16:01:28,841 AnalyzeUserEnjoyed.py[line:179] DEBUG ->UPDATE UserEnjoyInfo set count = '38', uptime = NOW() where mac = 'e346a7cf7146f906c8529fb3ae999fe3' and epg_propertyid = '84' 
2013-11-22 16:01:28,849 AnalyzeUserEnjoyed.py[line:179] DEBUG ->UPDATE UserEnjoyInfo set count = '16', uptime = NOW() where mac = 'c2fef903c3f1f1ab2cbcfed243c03875' and epg_propertyid = '56' 
2013-11-22 16:01:28,858 AnalyzeUserEnjoyed.py[line:179] DEBUG ->UPDATE UserEnjoyInfo set count = '14', uptime = NOW() where mac = '2af9d73ab69d3eddb01922f57abcf186' and epg_propertyid = '56' 
2013-11-22 16:01:28,868 AnalyzeUserEnjoyed.py[line:179] DEBUG ->UPDATE UserEnjoyInfo set count = '98', uptime = NOW() where mac = '8d469b4d78ca2f2685216bd9e9bbcb92' and epg_propertyid = '69' 
2013-11-22 16:01:28,877 AnalyzeUserEnjoyed.py[line:179] DEBUG ->UPDATE UserEnjoyInfo set count = '6', uptime = NOW() where mac = '8a338c5686148271cf7f2f5989080f1e' and epg_propertyid = '60' 
2013-11-22 16:01:28,885 AnalyzeUserEnjoyed.py[line:179] DEBUG ->UPDATE UserEnjoyInfo set count = '23', uptime = NOW() where mac = '3bfac986b371639bee40901192b1339e' and epg_propertyid = '56' 
2013-11-22 16:01:28,900 AnalyzeUserEnjoyed.py[line:179] DEBUG ->UPDATE UserEnjoyInfo set count = '10', uptime = NOW() where mac = 'c0a7ca6cd3350a88c81003cd04ccc26f' and epg_propertyid = '56' 
2013-11-22 16:01:28,918 AnalyzeUserEnjoyed.py[line:179] DEBUG ->UPDATE UserEnjoyInfo set count = '20', uptime = NOW() where mac = 'f9468efa5aadd207c9e62d77c6638547' and epg_propertyid = '56' 
2013-11-22 16:01:28,933 AnalyzeUserEnjoyed.py[line:179] DEBUG ->UPDATE UserEnjoyInfo set count = '13', uptime = NOW() where mac = 'f9468efa5aadd207c9e62d77c6638547' and epg_propertyid = '60' 
2013-11-22 16:01:28,944 AnalyzeUserEnjoyed.py[line:179] DEBUG ->UPDATE UserEnjoyInfo set count = '10', uptime = NOW() where mac = '8a338c5686148271cf7f2f5989080f1e' and epg_propertyid = '69' 
2013-11-22 16:01:28,957 AnalyzeUserEnjoyed.py[line:179] DEBUG ->UPDATE UserEnjoyInfo set count = '38', uptime = NOW() where mac = 'f01b3abdae9ada9abef3f5961944e907' and epg_propertyid = '69' 
2013-11-22 16:01:28,966 AnalyzeUserEnjoyed.py[line:179] DEBUG ->UPDATE UserEnjoyInfo set count = '4', uptime = NOW() where mac = 'd822289b7155b1ddfd7f9a1c539f1826' and epg_propertyid = '60' 
2013-11-22 16:01:28,973 AnalyzeUserEnjoyed.py[line:179] DEBUG ->UPDATE UserEnjoyInfo set count = '6', uptime = NOW() where mac = 'cbbbaa41181ece3e5b997e8faaa64406' and epg_propertyid = '56' 
2013-11-22 16:01:28,982 AnalyzeUserEnjoyed.py[line:179] DEBUG ->UPDATE UserEnjoyInfo set count = '76', uptime = NOW() where mac = 'f9468efa5aadd207c9e62d77c6638547' and epg_propertyid = '83' 
2013-11-22 16:01:28,990 AnalyzeUserEnjoyed.py[line:179] DEBUG ->UPDATE UserEnjoyInfo set count = '102', uptime = NOW() where mac = 'f01b3abdae9ada9abef3f5961944e907' and epg_propertyid = '83' 
2013-11-22 16:01:29,002 AnalyzeUserEnjoyed.py[line:179] DEBUG ->UPDATE UserEnjoyInfo set count = '8', uptime = NOW() where mac = 'cd4a83adc3dc1177a0297913ddfb0eca' and epg_propertyid = '60' 
2013-11-22 16:01:29,013 AnalyzeUserEnjoyed.py[line:179] DEBUG ->UPDATE UserEnjoyInfo set count = '44', uptime = NOW() where mac = 'c25586b74dd1de54808c10bf87d8bba8' and epg_propertyid = '83' 
2013-11-22 16:01:29,026 AnalyzeUserEnjoyed.py[line:179] DEBUG ->UPDATE UserEnjoyInfo set count = '13', uptime = NOW() where mac = '6fce8b07dd3f036f6c3fb9da35be1f72' and epg_propertyid = '56' 
2013-11-22 16:01:29,045 AnalyzeUserEnjoyed.py[line:179] DEBUG ->UPDATE UserEnjoyInfo set count = '6', uptime = NOW() where mac = 'd822289b7155b1ddfd7f9a1c539f1826' and epg_propertyid = '84' 
2013-11-22 16:01:29,053 AnalyzeUserEnjoyed.py[line:179] DEBUG ->UPDATE UserEnjoyInfo set count = '6', uptime = NOW() where mac = '0505d0c6cdd03c16792e7777fe1e7830' and epg_propertyid = '69' 
2013-11-22 16:01:29,062 AnalyzeUserEnjoyed.py[line:179] DEBUG ->UPDATE UserEnjoyInfo set count = '36', uptime = NOW() where mac = 'f9468efa5aadd207c9e62d77c6638547' and epg_propertyid = '69' 
2013-11-22 16:01:29,069 AnalyzeUserEnjoyed.py[line:179] DEBUG ->UPDATE UserEnjoyInfo set count = '23', uptime = NOW() where mac = '3bfac986b371639bee40901192b1339e' and epg_propertyid = '84' 
2013-11-22 16:01:29,078 AnalyzeUserEnjoyed.py[line:179] DEBUG ->UPDATE UserEnjoyInfo set count = '18', uptime = NOW() where mac = '692f7cd1ebd560d90eef5acebb6ff7b5' and epg_propertyid = '56' 
2013-11-22 16:01:29,084 AnalyzeUserEnjoyed.py[line:179] DEBUG ->UPDATE UserEnjoyInfo set count = '6', uptime = NOW() where mac = '9258323ee0f3897c26dea926e1567b40' and epg_propertyid = '56' 
2013-11-22 16:01:29,089 AnalyzeUserEnjoyed.py[line:179] DEBUG ->UPDATE UserEnjoyInfo set count = '15', uptime = NOW() where mac = '1dfd2034904d56304b00bf1b6e64a74f' and epg_propertyid = '60' 
2013-11-22 16:01:29,098 AnalyzeUserEnjoyed.py[line:179] DEBUG ->UPDATE UserEnjoyInfo set count = '4', uptime = NOW() where mac = '54691c6acd61969b5f775a44245cf6d1' and epg_propertyid = '60' 
2013-11-22 16:01:29,109 AnalyzeUserEnjoyed.py[line:179] DEBUG ->UPDATE UserEnjoyInfo set count = '28', uptime = NOW() where mac = '9286da058b9aa1d7b1b24feceb6c5a23' and epg_propertyid = '84' 
2013-11-22 16:01:29,117 AnalyzeUserEnjoyed.py[line:179] DEBUG ->UPDATE UserEnjoyInfo set count = '22', uptime = NOW() where mac = '3bc8f7ee0e514343951de061a9558871' and epg_propertyid = '83' 
2013-11-22 16:01:29,131 AnalyzeUserEnjoyed.py[line:179] DEBUG ->UPDATE UserEnjoyInfo set count = '10', uptime = NOW() where mac = 'c2fef903c3f1f1ab2cbcfed243c03875' and epg_propertyid = '60' 
2013-11-22 16:01:29,141 AnalyzeUserEnjoyed.py[line:179] DEBUG ->UPDATE UserEnjoyInfo set count = '5', uptime = NOW() where mac = 'd24916abeda0fc918295226e95633c8b' and epg_propertyid = '60' 
2013-11-22 16:01:29,148 AnalyzeUserEnjoyed.py[line:179] DEBUG ->UPDATE UserEnjoyInfo set count = '22', uptime = NOW() where mac = '3f86f888e4d2d6af7cfd85e10365490a' and epg_propertyid = '69' 
2013-11-22 16:01:29,155 AnalyzeUserEnjoyed.py[line:179] DEBUG ->UPDATE UserEnjoyInfo set count = '77', uptime = NOW() where mac = '3bfac986b371639bee40901192b1339e' and epg_propertyid = '83' 
2013-11-22 16:01:29,171 AnalyzeUserEnjoyed.py[line:179] DEBUG ->UPDATE UserEnjoyInfo set count = '22', uptime = NOW() where mac = '0505d0c6cdd03c16792e7777fe1e7830' and epg_propertyid = '83' 
2013-11-22 16:01:29,177 AnalyzeUserEnjoyed.py[line:179] DEBUG ->UPDATE UserEnjoyInfo set count = '10', uptime = NOW() where mac = '8a338c5686148271cf7f2f5989080f1e' and epg_propertyid = '56' 
2013-11-22 16:01:29,187 AnalyzeUserEnjoyed.py[line:179] DEBUG ->UPDATE UserEnjoyInfo set count = '9', uptime = NOW() where mac = '6bf2b9711f174359dd6d96d355848df6' and epg_propertyid = '60' 
2013-11-22 16:01:29,194 AnalyzeUserEnjoyed.py[line:179] DEBUG ->UPDATE UserEnjoyInfo set count = '41', uptime = NOW() where mac = '7b2519c6c7858dfad4d94343480729d1' and epg_propertyid = '56' 
2013-11-22 16:01:29,200 AnalyzeUserEnjoyed.py[line:179] DEBUG ->UPDATE UserEnjoyInfo set count = '6', uptime = NOW() where mac = '54691c6acd61969b5f775a44245cf6d1' and epg_propertyid = '69' 
2013-11-22 16:01:29,210 AnalyzeUserEnjoyed.py[line:179] DEBUG ->UPDATE UserEnjoyInfo set count = '201', uptime = NOW() where mac = '8d469b4d78ca2f2685216bd9e9bbcb92' and epg_propertyid = '83' 
2013-11-22 16:01:29,217 AnalyzeUserEnjoyed.py[line:179] DEBUG ->UPDATE UserEnjoyInfo set count = '13', uptime = NOW() where mac = '3f86f888e4d2d6af7cfd85e10365490a' and epg_propertyid = '56' 
2013-11-22 16:01:29,226 AnalyzeUserEnjoyed.py[line:179] DEBUG ->UPDATE UserEnjoyInfo set count = '6', uptime = NOW() where mac = '4f6c1b29288e46b6491be7ee780ae6a2' and epg_propertyid = '69' 
2013-11-22 16:01:29,237 AnalyzeUserEnjoyed.py[line:179] DEBUG ->UPDATE UserEnjoyInfo set count = '4', uptime = NOW() where mac = '3bc8f7ee0e514343951de061a9558871' and epg_propertyid = '60' 
2013-11-22 16:01:29,243 AnalyzeUserEnjoyed.py[line:179] DEBUG ->UPDATE UserEnjoyInfo set count = '32', uptime = NOW() where mac = '90cbac8cc0386c3618ca9a22c97d247d' and epg_propertyid = '69' 
2013-11-22 16:01:29,250 AnalyzeUserEnjoyed.py[line:179] DEBUG ->UPDATE UserEnjoyInfo set count = '6', uptime = NOW() where mac = '0505d0c6cdd03c16792e7777fe1e7830' and epg_propertyid = '84' 
2013-11-22 16:01:29,266 AnalyzeUserEnjoyed.py[line:179] DEBUG ->UPDATE UserEnjoyInfo set count = '6', uptime = NOW() where mac = '3bc8f7ee0e514343951de061a9558871' and epg_propertyid = '56' 
2013-11-22 16:01:29,282 AnalyzeUserEnjoyed.py[line:179] DEBUG ->UPDATE UserEnjoyInfo set count = '6', uptime = NOW() where mac = 'c0a7ca6cd3350a88c81003cd04ccc26f' and epg_propertyid = '60' 
2013-11-22 16:01:29,288 AnalyzeUserEnjoyed.py[line:179] DEBUG ->UPDATE UserEnjoyInfo set count = '73', uptime = NOW() where mac = 'ec1b32c07077ad2a6f5ef05a80dde26f' and epg_propertyid = '83' 
2013-11-22 16:01:29,296 AnalyzeUserEnjoyed.py[line:179] DEBUG ->UPDATE UserEnjoyInfo set count = '24', uptime = NOW() where mac = '6bf2b9711f174359dd6d96d355848df6' and epg_propertyid = '69' 
2013-11-22 16:01:29,302 AnalyzeUserEnjoyed.py[line:179] DEBUG ->UPDATE UserEnjoyInfo set count = '12', uptime = NOW() where mac = '692f7cd1ebd560d90eef5acebb6ff7b5' and epg_propertyid = '60' 
2013-11-22 16:01:29,309 AnalyzeUserEnjoyed.py[line:179] DEBUG ->UPDATE UserEnjoyInfo set count = '33', uptime = NOW() where mac = '8a338c5686148271cf7f2f5989080f1e' and epg_propertyid = '83' 
2013-11-22 16:01:29,378 AnalyzeUserEnjoyed.py[line:179] DEBUG ->UPDATE UserEnjoyInfo set count = '8', uptime = NOW() where mac = 'c25586b74dd1de54808c10bf87d8bba8' and epg_propertyid = '60' 
2013-11-22 16:01:29,384 AnalyzeUserEnjoyed.py[line:179] DEBUG ->UPDATE UserEnjoyInfo set count = '457', uptime = NOW() where mac = 'e183beeabcbde3720e8bac1d883ca210' and epg_propertyid = '69' 
2013-11-22 16:01:29,391 AnalyzeUserEnjoyed.py[line:179] DEBUG ->UPDATE UserEnjoyInfo set count = '4', uptime = NOW() where mac = '4f6c1b29288e46b6491be7ee780ae6a2' and epg_propertyid = '60' 
2013-11-22 16:01:29,404 AnalyzeUserEnjoyed.py[line:179] DEBUG ->UPDATE UserEnjoyInfo set count = '63', uptime = NOW() where mac = '67a461198136ce59de3e2ccb27cc8013' and epg_propertyid = '83' 
2013-11-22 16:01:29,437 AnalyzeUserEnjoyed.py[line:179] DEBUG ->UPDATE UserEnjoyInfo set count = '16', uptime = NOW() where mac = '61e84d43a8b8e3b59b133b44fb786946' and epg_propertyid = '60' 
2013-11-22 16:01:29,494 AnalyzeUserEnjoyed.py[line:179] DEBUG ->UPDATE UserEnjoyInfo set count = '10', uptime = NOW() where mac = 'd5aef5d2b06dcb08383dbefc8627796d' and epg_propertyid = '69' 
2013-11-22 16:01:29,588 AnalyzeUserEnjoyed.py[line:179] DEBUG ->UPDATE UserEnjoyInfo set count = '23', uptime = NOW() where mac = '1dfd2034904d56304b00bf1b6e64a74f' and epg_propertyid = '56' 
2013-11-22 16:01:29,599 AnalyzeUserEnjoyed.py[line:179] DEBUG ->UPDATE UserEnjoyInfo set count = '22', uptime = NOW() where mac = '4f6c1b29288e46b6491be7ee780ae6a2' and epg_propertyid = '83' 
2013-11-22 16:01:29,608 AnalyzeUserEnjoyed.py[line:179] DEBUG ->UPDATE UserEnjoyInfo set count = '80', uptime = NOW() where mac = '9286da058b9aa1d7b1b24feceb6c5a23' and epg_propertyid = '83' 
2013-11-22 16:01:29,625 AnalyzeUserEnjoyed.py[line:179] DEBUG ->UPDATE UserEnjoyInfo set count = '15', uptime = NOW() where mac = '67a461198136ce59de3e2ccb27cc8013' and epg_propertyid = '56' 
2013-11-22 16:01:29,634 AnalyzeUserEnjoyed.py[line:179] DEBUG ->UPDATE UserEnjoyInfo set count = '14', uptime = NOW() where mac = 'c25586b74dd1de54808c10bf87d8bba8' and epg_propertyid = '69' 
2013-11-22 16:01:29,647 AnalyzeUserEnjoyed.py[line:179] DEBUG ->UPDATE UserEnjoyInfo set count = '17', uptime = NOW() where mac = 'cd4a83adc3dc1177a0297913ddfb0eca' and epg_propertyid = '69' 
2013-11-22 16:01:29,653 AnalyzeUserEnjoyed.py[line:179] DEBUG ->UPDATE UserEnjoyInfo set count = '128', uptime = NOW() where mac = 'e183beeabcbde3720e8bac1d883ca210' and epg_propertyid = '60' 
2013-11-22 16:01:29,660 AnalyzeUserEnjoyed.py[line:179] DEBUG ->UPDATE UserEnjoyInfo set count = '6', uptime = NOW() where mac = '3bc8f7ee0e514343951de061a9558871' and epg_propertyid = '69' 
2013-11-22 16:01:29,670 AnalyzeUserEnjoyed.py[line:179] DEBUG ->UPDATE UserEnjoyInfo set count = '38', uptime = NOW() where mac = '61e84d43a8b8e3b59b133b44fb786946' and epg_propertyid = '69' 
2013-11-22 16:01:29,676 AnalyzeUserEnjoyed.py[line:179] DEBUG ->UPDATE UserEnjoyInfo set count = '47', uptime = NOW() where mac = '2af9d73ab69d3eddb01922f57abcf186' and epg_propertyid = '83' 
2013-11-22 16:01:29,683 AnalyzeUserEnjoyed.py[line:179] DEBUG ->UPDATE UserEnjoyInfo set count = '33', uptime = NOW() where mac = 'f01b3abdae9ada9abef3f5961944e907' and epg_propertyid = '56' 
2013-11-22 16:01:29,690 AnalyzeUserEnjoyed.py[line:179] DEBUG ->UPDATE UserEnjoyInfo set count = '4', uptime = NOW() where mac = '0505d0c6cdd03c16792e7777fe1e7830' and epg_propertyid = '60' 
2013-11-22 16:01:29,697 AnalyzeUserEnjoyed.py[line:179] DEBUG ->UPDATE UserEnjoyInfo set count = '24', uptime = NOW() where mac = 'e03ae52ca673c24aa59115b614d1035f' and epg_propertyid = '84' 
2013-11-22 16:01:29,706 AnalyzeUserEnjoyed.py[line:179] DEBUG ->UPDATE UserEnjoyInfo set count = '4', uptime = NOW() where mac = '86639fb8f8632d7cf8eafbf260de9eeb' and epg_propertyid = '60' 
2013-11-22 16:01:29,717 AnalyzeUserEnjoyed.py[line:179] DEBUG ->UPDATE UserEnjoyInfo set count = '32', uptime = NOW() where mac = '745ad6a62717d83479a42ac7a4182bab' and epg_propertyid = '56' 
2013-11-22 16:01:29,736 AnalyzeUserEnjoyed.py[line:179] DEBUG ->UPDATE UserEnjoyInfo set count = '9', uptime = NOW() where mac = 'f8f18c4bfcde1c649d6c90edb66f02b6' and epg_propertyid = '84' 
2013-11-22 16:01:29,773 AnalyzeUserEnjoyed.py[line:179] DEBUG ->UPDATE UserEnjoyInfo set count = '165', uptime = NOW() where mac = '7b2519c6c7858dfad4d94343480729d1' and epg_propertyid = '83' 
2013-11-22 16:01:29,881 AnalyzeUserEnjoyed.py[line:179] DEBUG ->UPDATE UserEnjoyInfo set count = '22', uptime = NOW() where mac = 'b86a5282c7da347c6f4f63c461876782' and epg_propertyid = '83' 
2013-11-22 16:01:29,891 AnalyzeUserEnjoyed.py[line:179] DEBUG ->UPDATE UserEnjoyInfo set count = '14', uptime = NOW() where mac = '6fce8b07dd3f036f6c3fb9da35be1f72' and epg_propertyid = '69' 
2013-11-22 16:01:29,898 AnalyzeUserEnjoyed.py[line:179] DEBUG ->UPDATE UserEnjoyInfo set count = '146', uptime = NOW() where mac = '745ad6a62717d83479a42ac7a4182bab' and epg_propertyid = '83' 
2013-11-22 16:01:29,907 AnalyzeUserEnjoyed.py[line:179] DEBUG ->UPDATE UserEnjoyInfo set count = '28', uptime = NOW() where mac = '1a98de12804f82a26f7d44bb8e6de464' and epg_propertyid = '56' 
2013-11-22 16:01:29,917 AnalyzeUserEnjoyed.py[line:179] DEBUG ->UPDATE UserEnjoyInfo set count = '51', uptime = NOW() where mac = 'e346a7cf7146f906c8529fb3ae999fe3' and epg_propertyid = '69' 
2013-11-22 16:01:29,934 AnalyzeUserEnjoyed.py[line:179] DEBUG ->UPDATE UserEnjoyInfo set count = '58', uptime = NOW() where mac = '3f86f888e4d2d6af7cfd85e10365490a' and epg_propertyid = '83' 
2013-11-22 16:01:29,957 AnalyzeUserEnjoyed.py[line:179] DEBUG ->UPDATE UserEnjoyInfo set count = '8', uptime = NOW() where mac = '6fce8b07dd3f036f6c3fb9da35be1f72' and epg_propertyid = '60' 
2013-11-22 16:01:29,986 AnalyzeUserEnjoyed.py[line:179] DEBUG ->UPDATE UserEnjoyInfo set count = '6', uptime = NOW() where mac = 'd822289b7155b1ddfd7f9a1c539f1826' and epg_propertyid = '56' 
2013-11-22 16:01:29,996 AnalyzeUserEnjoyed.py[line:179] DEBUG ->UPDATE UserEnjoyInfo set count = '6', uptime = NOW() where mac = '86639fb8f8632d7cf8eafbf260de9eeb' and epg_propertyid = '84' 
2013-11-22 16:01:30,013 AnalyzeUserEnjoyed.py[line:179] DEBUG ->UPDATE UserEnjoyInfo set count = '6', uptime = NOW() where mac = 'b86a5282c7da347c6f4f63c461876782' and epg_propertyid = '84' 
2013-11-22 16:01:30,042 AnalyzeUserEnjoyed.py[line:179] DEBUG ->UPDATE UserEnjoyInfo set count = '45', uptime = NOW() where mac = '745ad6a62717d83479a42ac7a4182bab' and epg_propertyid = '84' 
2013-11-22 16:01:30,049 AnalyzeUserEnjoyed.py[line:179] DEBUG ->UPDATE UserEnjoyInfo set count = '33', uptime = NOW() where mac = 'f8f18c4bfcde1c649d6c90edb66f02b6' and epg_propertyid = '83' 
2013-11-22 16:01:30,063 AnalyzeUserEnjoyed.py[line:179] DEBUG ->UPDATE UserEnjoyInfo set count = '20', uptime = NOW() where mac = '6cf04ad0471236f25a4aef16d7cda15b' and epg_propertyid = '84' 
2013-11-22 16:01:30,332 AnalyzeUserEnjoyed.py[line:179] DEBUG ->UPDATE UserEnjoyInfo set count = '19', uptime = NOW() where mac = 'ec1b32c07077ad2a6f5ef05a80dde26f' and epg_propertyid = '56' 
2013-11-22 16:01:30,338 AnalyzeUserEnjoyed.py[line:179] DEBUG ->UPDATE UserEnjoyInfo set count = '6', uptime = NOW() where mac = 'b86a5282c7da347c6f4f63c461876782' and epg_propertyid = '69' 
2013-11-22 16:01:30,357 AnalyzeUserEnjoyed.py[line:179] DEBUG ->UPDATE UserEnjoyInfo set count = '27', uptime = NOW() where mac = '90cbac8cc0386c3618ca9a22c97d247d' and epg_propertyid = '84' 
2013-11-22 16:01:30,368 AnalyzeUserEnjoyed.py[line:179] DEBUG ->UPDATE UserEnjoyInfo set count = '12', uptime = NOW() where mac = 'ec1b32c07077ad2a6f5ef05a80dde26f' and epg_propertyid = '60' 
2013-11-22 16:01:30,377 AnalyzeUserEnjoyed.py[line:179] DEBUG ->UPDATE UserEnjoyInfo set count = '14', uptime = NOW() where mac = '3bfac986b371639bee40901192b1339e' and epg_propertyid = '60' 
2013-11-22 16:01:30,385 AnalyzeUserEnjoyed.py[line:179] DEBUG ->UPDATE UserEnjoyInfo set count = '92', uptime = NOW() where mac = '8c470d825d59cbf7496885926c0c5390' and epg_propertyid = '83' 
2013-11-22 16:01:30,404 AnalyzeUserEnjoyed.py[line:179] DEBUG ->UPDATE UserEnjoyInfo set count = '9', uptime = NOW() where mac = 'd24916abeda0fc918295226e95633c8b' and epg_propertyid = '84' 
2013-11-22 16:01:30,417 AnalyzeUserEnjoyed.py[line:179] DEBUG ->UPDATE UserEnjoyInfo set count = '6', uptime = NOW() where mac = '9258323ee0f3897c26dea926e1567b40' and epg_propertyid = '84' 
2013-11-22 16:01:30,423 AnalyzeUserEnjoyed.py[line:179] DEBUG ->UPDATE UserEnjoyInfo set count = '12', uptime = NOW() where mac = '90cbac8cc0386c3618ca9a22c97d247d' and epg_propertyid = '60' 
2013-11-22 16:01:30,438 AnalyzeUserEnjoyed.py[line:179] DEBUG ->UPDATE UserEnjoyInfo set count = '10', uptime = NOW() where mac = 'd5aef5d2b06dcb08383dbefc8627796d' and epg_propertyid = '56' 
2013-11-22 16:01:30,454 AnalyzeUserEnjoyed.py[line:179] DEBUG ->UPDATE UserEnjoyInfo set count = '34', uptime = NOW() where mac = '9286da058b9aa1d7b1b24feceb6c5a23' and epg_propertyid = '69' 
2013-11-22 16:01:30,466 AnalyzeUserEnjoyed.py[line:179] DEBUG ->UPDATE UserEnjoyInfo set count = '25', uptime = NOW() where mac = '67a461198136ce59de3e2ccb27cc8013' and epg_propertyid = '84' 
2013-11-22 16:01:30,471 AnalyzeUserEnjoyed.py[line:179] DEBUG ->UPDATE UserEnjoyInfo set count = '26', uptime = NOW() where mac = '692f7cd1ebd560d90eef5acebb6ff7b5' and epg_propertyid = '84' 
2013-11-22 16:01:30,482 AnalyzeUserEnjoyed.py[line:179] DEBUG ->UPDATE UserEnjoyInfo set count = '58', uptime = NOW() where mac = '7b2519c6c7858dfad4d94343480729d1' and epg_propertyid = '84' 
2013-11-22 16:01:30,494 AnalyzeUserEnjoyed.py[line:179] DEBUG ->UPDATE UserEnjoyInfo set count = '35', uptime = NOW() where mac = 'ec1b32c07077ad2a6f5ef05a80dde26f' and epg_propertyid = '69' 
2013-11-22 16:01:30,503 AnalyzeUserEnjoyed.py[line:179] DEBUG ->UPDATE UserEnjoyInfo set count = '17', uptime = NOW() where mac = '1a98de12804f82a26f7d44bb8e6de464' and epg_propertyid = '60' 
2013-11-22 16:01:30,509 AnalyzeUserEnjoyed.py[line:179] DEBUG ->UPDATE UserEnjoyInfo set count = '26', uptime = NOW() where mac = '3adc5cbf5a1c60250a4f6b7372b18297' and epg_propertyid = '69' 
2013-11-22 16:01:30,516 AnalyzeUserEnjoyed.py[line:179] DEBUG ->UPDATE UserEnjoyInfo set count = '26', uptime = NOW() where mac = 'ec1b32c07077ad2a6f5ef05a80dde26f' and epg_propertyid = '84' 
2013-11-22 16:01:30,525 AnalyzeUserEnjoyed.py[line:179] DEBUG ->UPDATE UserEnjoyInfo set count = '22', uptime = NOW() where mac = '6cf04ad0471236f25a4aef16d7cda15b' and epg_propertyid = '69' 
2013-11-22 16:01:30,546 AnalyzeUserEnjoyed.py[line:179] DEBUG ->UPDATE UserEnjoyInfo set count = '110', uptime = NOW() where mac = '61e84d43a8b8e3b59b133b44fb786946' and epg_propertyid = '83' 
2013-11-22 16:01:30,556 AnalyzeUserEnjoyed.py[line:179] DEBUG ->UPDATE UserEnjoyInfo set count = '43', uptime = NOW() where mac = '8c470d825d59cbf7496885926c0c5390' and epg_propertyid = '69' 
2013-11-22 16:01:30,575 AnalyzeUserEnjoyed.py[line:179] DEBUG ->UPDATE UserEnjoyInfo set count = '27', uptime = NOW() where mac = '692f7cd1ebd560d90eef5acebb6ff7b5' and epg_propertyid = '69' 
2013-11-22 16:01:30,585 AnalyzeUserEnjoyed.py[line:179] DEBUG ->UPDATE UserEnjoyInfo set count = '10', uptime = NOW() where mac = 'e03ae52ca673c24aa59115b614d1035f' and epg_propertyid = '60' 
2013-11-22 16:01:30,596 AnalyzeUserEnjoyed.py[line:179] DEBUG ->UPDATE UserEnjoyInfo set count = '6', uptime = NOW() where mac = '72a411ffa7bbce469c66e601c925b686' and epg_propertyid = '69' 
2013-11-22 16:01:30,607 AnalyzeUserEnjoyed.py[line:179] DEBUG ->UPDATE UserEnjoyInfo set count = '53', uptime = NOW() where mac = '1a98de12804f82a26f7d44bb8e6de464' and epg_propertyid = '69' 
2013-11-22 16:01:30,615 AnalyzeUserEnjoyed.py[line:179] DEBUG ->UPDATE UserEnjoyInfo set count = '22', uptime = NOW() where mac = '54691c6acd61969b5f775a44245cf6d1' and epg_propertyid = '83' 
2013-11-22 16:01:30,621 AnalyzeUserEnjoyed.py[line:179] DEBUG ->UPDATE UserEnjoyInfo set count = '6', uptime = NOW() where mac = '0505d0c6cdd03c16792e7777fe1e7830' and epg_propertyid = '56' 
2013-11-22 16:01:30,630 AnalyzeUserEnjoyed.py[line:179] DEBUG ->UPDATE UserEnjoyInfo set count = '19', uptime = NOW() where mac = '6bf2b9711f174359dd6d96d355848df6' and epg_propertyid = '84' 
2013-11-22 16:01:30,657 AnalyzeUserEnjoyed.py[line:179] DEBUG ->UPDATE UserEnjoyInfo set count = '6', uptime = NOW() where mac = 'd5aef5d2b06dcb08383dbefc8627796d' and epg_propertyid = '60' 
2013-11-22 16:01:30,664 AnalyzeUserEnjoyed.py[line:179] DEBUG ->UPDATE UserEnjoyInfo set count = '7', uptime = NOW() where mac = 'd24916abeda0fc918295226e95633c8b' and epg_propertyid = '56' 
2013-11-22 16:01:30,674 AnalyzeUserEnjoyed.py[line:179] DEBUG ->UPDATE UserEnjoyInfo set count = '15', uptime = NOW() where mac = '6cf04ad0471236f25a4aef16d7cda15b' and epg_propertyid = '56' 
2013-11-22 16:01:30,683 AnalyzeUserEnjoyed.py[line:179] DEBUG ->UPDATE UserEnjoyInfo set count = '10', uptime = NOW() where mac = '67a461198136ce59de3e2ccb27cc8013' and epg_propertyid = '60' 
2013-11-22 16:01:30,690 AnalyzeUserEnjoyed.py[line:179] DEBUG ->UPDATE UserEnjoyInfo set count = '80', uptime = NOW() where mac = '1dfd2034904d56304b00bf1b6e64a74f' and epg_propertyid = '83' 
2013-11-22 16:01:30,697 AnalyzeUserEnjoyed.py[line:179] DEBUG ->UPDATE UserEnjoyInfo set count = '22', uptime = NOW() where mac = '9286da058b9aa1d7b1b24feceb6c5a23' and epg_propertyid = '56' 
2013-11-22 16:01:30,704 AnalyzeUserEnjoyed.py[line:179] DEBUG ->UPDATE UserEnjoyInfo set count = '77', uptime = NOW() where mac = '3adc5cbf5a1c60250a4f6b7372b18297' and epg_propertyid = '83' 
2013-11-22 16:01:30,711 AnalyzeUserEnjoyed.py[line:179] DEBUG ->UPDATE UserEnjoyInfo set count = '14', uptime = NOW() where mac = 'c0a7ca6cd3350a88c81003cd04ccc26f' and epg_propertyid = '84' 
2013-11-22 16:01:30,717 AnalyzeUserEnjoyed.py[line:179] DEBUG ->UPDATE UserEnjoyInfo set count = '4', uptime = NOW() where mac = 'd0f59ab1f75de86b5d2c88cd6dcb3cbc' and epg_propertyid = '60' 
2013-11-22 16:01:30,726 AnalyzeUserEnjoyed.py[line:179] DEBUG ->UPDATE UserEnjoyInfo set count = '14', uptime = NOW() where mac = 'c0a7ca6cd3350a88c81003cd04ccc26f' and epg_propertyid = '69' 
2013-11-22 16:01:30,733 AnalyzeUserEnjoyed.py[line:179] DEBUG ->UPDATE UserEnjoyInfo set count = '6', uptime = NOW() where mac = '54691c6acd61969b5f775a44245cf6d1' and epg_propertyid = '84' 
2013-11-22 16:01:30,740 AnalyzeUserEnjoyed.py[line:179] DEBUG ->UPDATE UserEnjoyInfo set count = '26', uptime = NOW() where mac = 'd24916abeda0fc918295226e95633c8b' and epg_propertyid = '83' 
2013-11-22 16:01:30,747 AnalyzeUserEnjoyed.py[line:179] DEBUG ->UPDATE UserEnjoyInfo set count = '29', uptime = NOW() where mac = '61e84d43a8b8e3b59b133b44fb786946' and epg_propertyid = '56' 
2013-11-22 16:01:30,756 AnalyzeUserEnjoyed.py[line:179] DEBUG ->UPDATE UserEnjoyInfo set count = '34', uptime = NOW() where mac = 'f01b3abdae9ada9abef3f5961944e907' and epg_propertyid = '84' 
2013-11-22 16:01:30,765 AnalyzeUserEnjoyed.py[line:179] DEBUG ->UPDATE UserEnjoyInfo set count = '114', uptime = NOW() where mac = '1a98de12804f82a26f7d44bb8e6de464' and epg_propertyid = '83' 
2013-11-22 16:01:30,775 AnalyzeUserEnjoyed.py[line:179] DEBUG ->UPDATE UserEnjoyInfo set count = '6', uptime = NOW() where mac = '4f6c1b29288e46b6491be7ee780ae6a2' and epg_propertyid = '56' 
